<?xml version="1.0" encoding="UTF-8"?>
<!-- Generated by org.testng.reporters.JUnitReportReporter -->
<testsuite hostname="Dmitriys-MacBook-Pro-3.local" name="ALLie_AutoTests.TestSuite" tests="3" failures="0" timestamp="20 Apr 2016 12:21:08 GMT" time="9250.316" errors="3">
  <testcase name="Ride" time="6082.337" classname="ALLie_AutoTests.TestSuite">
    <error type="org.openqa.selenium.TimeoutException" message="Timed out after 10 seconds waiting for presence of element located by: By.name: Remove ALLie
Build info: version: &#039;2.45.0&#039;, revision: &#039;32a636c&#039;, time: &#039;2015-03-05 22:01:35&#039;
System info: host: &#039;Dmitriys-MacBook-Pro-3.local&#039;, ip: &#039;10.0.2.15&#039;, os.name: &#039;Mac OS X&#039;, os.arch: &#039;x86_64&#039;, os.version: &#039;10.11.4&#039;, java.version: &#039;1.8.0_45&#039;
Driver info: io.appium.java_client.ios.IOSDriver
Capabilities [{app=com.icrtech.allie, networkConnectionEnabled=false, warnings={}, databaseEnabled=false, deviceName=iPad Air, platform=MAC, desired={app=com.icrtech.allie, appium-version=1.0, sendKeyStrategy=grouped, newCommandTimeout=999999, platformVersion=8.2, waitForAppScript=$.delay(30000); $.acceptAlert(), platformName=iOS, deviceName=iPad Air}, appium-version=1.0, sendKeyStrategy=grouped, newCommandTimeout=999999, platformVersion=8.2, webStorageEnabled=false, locationContextEnabled=false, browserName=iOS, takesScreenshot=true, waitForAppScript=$.delay(30000); $.acceptAlert(), javascriptEnabled=true, platformName=iOS}]
Session ID: ae74f12c-7843-4570-83bf-84deeba63bd3">
      <![CDATA[org.openqa.selenium.TimeoutException: Timed out after 10 seconds waiting for presence of element located by: By.name: Remove ALLie
Build info: version: '2.45.0', revision: '32a636c', time: '2015-03-05 22:01:35'
System info: host: 'Dmitriys-MacBook-Pro-3.local', ip: '10.0.2.15', os.name: 'Mac OS X', os.arch: 'x86_64', os.version: '10.11.4', java.version: '1.8.0_45'
Driver info: io.appium.java_client.ios.IOSDriver
Capabilities [{app=com.icrtech.allie, networkConnectionEnabled=false, warnings={}, databaseEnabled=false, deviceName=iPad Air, platform=MAC, desired={app=com.icrtech.allie, appium-version=1.0, sendKeyStrategy=grouped, newCommandTimeout=999999, platformVersion=8.2, waitForAppScript=$.delay(30000); $.acceptAlert(), platformName=iOS, deviceName=iPad Air}, appium-version=1.0, sendKeyStrategy=grouped, newCommandTimeout=999999, platformVersion=8.2, webStorageEnabled=false, locationContextEnabled=false, browserName=iOS, takesScreenshot=true, waitForAppScript=$.delay(30000); $.acceptAlert(), javascriptEnabled=true, platformName=iOS}]
Session ID: ae74f12c-7843-4570-83bf-84deeba63bd3
	at org.openqa.selenium.support.ui.WebDriverWait.timeoutException(WebDriverWait.java:79)
	at org.openqa.selenium.support.ui.FluentWait.until(FluentWait.java:228)
	at ALLie_AutoTests.Basemethods.WaitName(Basemethods.java:168)
	at ALLie_AutoTests.AccountScreen.AccountCheck(AccountScreen.java:135)
	at ALLie_AutoTests.TestSuite.Ride(TestSuite.java:48)
	at sun.reflect.NativeMethodAccessorImpl.invoke0(Native Method)
	at sun.reflect.NativeMethodAccessorImpl.invoke(NativeMethodAccessorImpl.java:62)
	at sun.reflect.DelegatingMethodAccessorImpl.invoke(DelegatingMethodAccessorImpl.java:43)
	at java.lang.reflect.Method.invoke(Method.java:497)
	at org.testng.internal.MethodInvocationHelper.invokeMethod(MethodInvocationHelper.java:86)
	at org.testng.internal.Invoker.invokeMethod(Invoker.java:645)
	at org.testng.internal.Invoker.invokeTestMethod(Invoker.java:822)
	at org.testng.internal.Invoker.invokeTestMethods(Invoker.java:1130)
	at org.testng.internal.TestMethodWorker.invokeTestMethods(TestMethodWorker.java:129)
	at org.testng.internal.TestMethodWorker.run(TestMethodWorker.java:112)
	at org.testng.TestRunner.privateRun(TestRunner.java:782)
	at org.testng.TestRunner.run(TestRunner.java:632)
	at org.testng.SuiteRunner.runTest(SuiteRunner.java:366)
	at org.testng.SuiteRunner.runSequentially(SuiteRunner.java:361)
	at org.testng.SuiteRunner.privateRun(SuiteRunner.java:319)
	at org.testng.SuiteRunner.run(SuiteRunner.java:268)
	at org.testng.SuiteRunnerWorker.runSuite(SuiteRunnerWorker.java:52)
	at org.testng.SuiteRunnerWorker.run(SuiteRunnerWorker.java:86)
	at org.testng.TestNG.runSuitesSequentially(TestNG.java:1244)
	at org.testng.TestNG.runSuitesLocally(TestNG.java:1169)
	at org.testng.TestNG.run(TestNG.java:1064)
	at org.testng.remote.RemoteTestNG.run(RemoteTestNG.java:113)
	at org.testng.remote.RemoteTestNG.initAndRun(RemoteTestNG.java:206)
	at org.testng.remote.RemoteTestNG.main(RemoteTestNG.java:177)
Caused by: org.openqa.selenium.NoSuchElementException: An element could not be located on the page using the given search parameters. (WARNING: The server did not provide any stacktrace information)
Command duration or timeout: 7.89 seconds
For documentation on this error, please visit: http://seleniumhq.org/exceptions/no_such_element.html
Build info: version: '2.45.0', revision: '32a636c', time: '2015-03-05 22:01:35'
System info: host: 'Dmitriys-MacBook-Pro-3.local', ip: '10.0.2.15', os.name: 'Mac OS X', os.arch: 'x86_64', os.version: '10.11.4', java.version: '1.8.0_45'
Driver info: io.appium.java_client.ios.IOSDriver
Capabilities [{app=com.icrtech.allie, networkConnectionEnabled=false, warnings={}, databaseEnabled=false, deviceName=iPad Air, platform=MAC, desired={app=com.icrtech.allie, appium-version=1.0, sendKeyStrategy=grouped, newCommandTimeout=999999, platformVersion=8.2, waitForAppScript=$.delay(30000); $.acceptAlert(), platformName=iOS, deviceName=iPad Air}, appium-version=1.0, sendKeyStrategy=grouped, newCommandTimeout=999999, platformVersion=8.2, webStorageEnabled=false, locationContextEnabled=false, browserName=iOS, takesScreenshot=true, waitForAppScript=$.delay(30000); $.acceptAlert(), javascriptEnabled=true, platformName=iOS}]
Session ID: ae74f12c-7843-4570-83bf-84deeba63bd3
*** Element info: {Using=name, value=Remove ALLie}
	at sun.reflect.GeneratedConstructorAccessor10.newInstance(Unknown Source)
	at sun.reflect.DelegatingConstructorAccessorImpl.newInstance(DelegatingConstructorAccessorImpl.java:45)
	at java.lang.reflect.Constructor.newInstance(Constructor.java:422)
	at org.openqa.selenium.remote.ErrorHandler.createThrowable(ErrorHandler.java:204)
	at org.openqa.selenium.remote.ErrorHandler.throwIfResponseFailed(ErrorHandler.java:156)
	at org.openqa.selenium.remote.RemoteWebDriver.execute(RemoteWebDriver.java:599)
	at io.appium.java_client.AppiumDriver.execute(AppiumDriver.java:216)
	at org.openqa.selenium.remote.RemoteWebDriver.findElement(RemoteWebDriver.java:352)
	at org.openqa.selenium.remote.RemoteWebDriver.findElementByName(RemoteWebDriver.java:425)
	at io.appium.java_client.AppiumDriver.findElementByName(AppiumDriver.java:87)
	at io.appium.java_client.AppiumDriver.findElementByName(AppiumDriver.java:1)
	at org.openqa.selenium.By$ByName.findElement(By.java:299)
	at org.openqa.selenium.remote.RemoteWebDriver.findElement(RemoteWebDriver.java:344)
	at io.appium.java_client.AppiumDriver.findElement(AppiumDriver.java:75)
	at io.appium.java_client.AppiumDriver.findElement(AppiumDriver.java:1)
	at org.openqa.selenium.support.ui.ExpectedConditions.findElement(ExpectedConditions.java:730)
	at org.openqa.selenium.support.ui.ExpectedConditions.access$0(ExpectedConditions.java:728)
	at org.openqa.selenium.support.ui.ExpectedConditions$3.apply(ExpectedConditions.java:106)
	at org.openqa.selenium.support.ui.ExpectedConditions$3.apply(ExpectedConditions.java:1)
	at org.openqa.selenium.support.ui.FluentWait.until(FluentWait.java:208)
	... 27 more
]]>
    </error>
  </testcase> <!-- Ride -->
  <testcase name="Schedul_" time="2637.271" classname="ALLie_AutoTests.TestSuite">
    <error type="org.openqa.selenium.NoSuchElementException" message="An element could not be located on the page using the given search parameters. (WARNING: The server did not provide any stacktrace information)
Command duration or timeout: 8.17 seconds
For documentation on this error, please visit: http://seleniumhq.org/exceptions/no_such_element.html
Build info: version: &#039;2.45.0&#039;, revision: &#039;32a636c&#039;, time: &#039;2015-03-05 22:01:35&#039;
System info: host: &#039;Dmitriys-MacBook-Pro-3.local&#039;, ip: &#039;10.0.2.15&#039;, os.name: &#039;Mac OS X&#039;, os.arch: &#039;x86_64&#039;, os.version: &#039;10.11.4&#039;, java.version: &#039;1.8.0_45&#039;
Driver info: io.appium.java_client.ios.IOSDriver
Capabilities [{app=com.icrtech.allie, networkConnectionEnabled=false, warnings={}, databaseEnabled=false, deviceName=iPad Air, platform=MAC, desired={app=com.icrtech.allie, appium-version=1.0, sendKeyStrategy=grouped, newCommandTimeout=999999, platformVersion=8.2, waitForAppScript=$.delay(30000); $.acceptAlert(), platformName=iOS, deviceName=iPad Air}, appium-version=1.0, sendKeyStrategy=grouped, newCommandTimeout=999999, platformVersion=8.2, webStorageEnabled=false, locationContextEnabled=false, browserName=iOS, takesScreenshot=true, waitForAppScript=$.delay(30000); $.acceptAlert(), javascriptEnabled=true, platformName=iOS}]
Session ID: 2271542d-690b-4e3c-8388-b96e27a4bb76
*** Element info: {Using=name, value=Stop player button}">
      <![CDATA[org.openqa.selenium.NoSuchElementException: An element could not be located on the page using the given search parameters. (WARNING: The server did not provide any stacktrace information)
Command duration or timeout: 8.17 seconds
For documentation on this error, please visit: http://seleniumhq.org/exceptions/no_such_element.html
Build info: version: '2.45.0', revision: '32a636c', time: '2015-03-05 22:01:35'
System info: host: 'Dmitriys-MacBook-Pro-3.local', ip: '10.0.2.15', os.name: 'Mac OS X', os.arch: 'x86_64', os.version: '10.11.4', java.version: '1.8.0_45'
Driver info: io.appium.java_client.ios.IOSDriver
Capabilities [{app=com.icrtech.allie, networkConnectionEnabled=false, warnings={}, databaseEnabled=false, deviceName=iPad Air, platform=MAC, desired={app=com.icrtech.allie, appium-version=1.0, sendKeyStrategy=grouped, newCommandTimeout=999999, platformVersion=8.2, waitForAppScript=$.delay(30000); $.acceptAlert(), platformName=iOS, deviceName=iPad Air}, appium-version=1.0, sendKeyStrategy=grouped, newCommandTimeout=999999, platformVersion=8.2, webStorageEnabled=false, locationContextEnabled=false, browserName=iOS, takesScreenshot=true, waitForAppScript=$.delay(30000); $.acceptAlert(), javascriptEnabled=true, platformName=iOS}]
Session ID: 2271542d-690b-4e3c-8388-b96e27a4bb76
*** Element info: {Using=name, value=Stop player button}
	at sun.reflect.GeneratedConstructorAccessor10.newInstance(Unknown Source)
	at sun.reflect.DelegatingConstructorAccessorImpl.newInstance(DelegatingConstructorAccessorImpl.java:45)
	at java.lang.reflect.Constructor.newInstance(Constructor.java:422)
	at org.openqa.selenium.remote.ErrorHandler.createThrowable(ErrorHandler.java:204)
	at org.openqa.selenium.remote.ErrorHandler.throwIfResponseFailed(ErrorHandler.java:156)
	at org.openqa.selenium.remote.RemoteWebDriver.execute(RemoteWebDriver.java:599)
	at io.appium.java_client.AppiumDriver.execute(AppiumDriver.java:216)
	at org.openqa.selenium.remote.RemoteWebDriver.findElement(RemoteWebDriver.java:352)
	at org.openqa.selenium.remote.RemoteWebDriver.findElementByName(RemoteWebDriver.java:425)
	at io.appium.java_client.AppiumDriver.findElementByName(AppiumDriver.java:87)
	at io.appium.java_client.AppiumDriver.findElementByName(AppiumDriver.java:1)
	at org.openqa.selenium.By$ByName.findElement(By.java:299)
	at org.openqa.selenium.remote.RemoteWebDriver.findElement(RemoteWebDriver.java:344)
	at io.appium.java_client.AppiumDriver.findElement(AppiumDriver.java:75)
	at ALLie_AutoTests.Basemethods.Sharing(Basemethods.java:743)
	at ALLie_AutoTests.AccountScreen.AccountCheck(AccountScreen.java:104)
	at ALLie_AutoTests.TestSuite.Schedul_(TestSuite.java:57)
	at sun.reflect.NativeMethodAccessorImpl.invoke0(Native Method)
	at sun.reflect.NativeMethodAccessorImpl.invoke(NativeMethodAccessorImpl.java:62)
	at sun.reflect.DelegatingMethodAccessorImpl.invoke(DelegatingMethodAccessorImpl.java:43)
	at java.lang.reflect.Method.invoke(Method.java:497)
	at org.testng.internal.MethodInvocationHelper.invokeMethod(MethodInvocationHelper.java:86)
	at org.testng.internal.Invoker.invokeMethod(Invoker.java:645)
	at org.testng.internal.Invoker.invokeTestMethod(Invoker.java:822)
	at org.testng.internal.Invoker.invokeTestMethods(Invoker.java:1130)
	at org.testng.internal.TestMethodWorker.invokeTestMethods(TestMethodWorker.java:129)
	at org.testng.internal.TestMethodWorker.run(TestMethodWorker.java:112)
	at org.testng.TestRunner.privateRun(TestRunner.java:782)
	at org.testng.TestRunner.run(TestRunner.java:632)
	at org.testng.SuiteRunner.runTest(SuiteRunner.java:366)
	at org.testng.SuiteRunner.runSequentially(SuiteRunner.java:361)
	at org.testng.SuiteRunner.privateRun(SuiteRunner.java:319)
	at org.testng.SuiteRunner.run(SuiteRunner.java:268)
	at org.testng.SuiteRunnerWorker.runSuite(SuiteRunnerWorker.java:52)
	at org.testng.SuiteRunnerWorker.run(SuiteRunnerWorker.java:86)
	at org.testng.TestNG.runSuitesSequentially(TestNG.java:1244)
	at org.testng.TestNG.runSuitesLocally(TestNG.java:1169)
	at org.testng.TestNG.run(TestNG.java:1064)
	at org.testng.remote.RemoteTestNG.run(RemoteTestNG.java:113)
	at org.testng.remote.RemoteTestNG.initAndRun(RemoteTestNG.java:206)
	at org.testng.remote.RemoteTestNG.main(RemoteTestNG.java:177)
]]>
    </error>
  </testcase> <!-- Schedul_ -->
  <testcase name="Schedul_2" time="530.708" classname="ALLie_AutoTests.TestSuite">
    <error type="org.openqa.selenium.NoSuchElementException" message="An element could not be located on the page using the given search parameters. (WARNING: The server did not provide any stacktrace information)
Command duration or timeout: 7.21 seconds
For documentation on this error, please visit: http://seleniumhq.org/exceptions/no_such_element.html
Build info: version: &#039;2.45.0&#039;, revision: &#039;32a636c&#039;, time: &#039;2015-03-05 22:01:35&#039;
System info: host: &#039;Dmitriys-MacBook-Pro-3.local&#039;, ip: &#039;10.0.2.15&#039;, os.name: &#039;Mac OS X&#039;, os.arch: &#039;x86_64&#039;, os.version: &#039;10.11.4&#039;, java.version: &#039;1.8.0_45&#039;
Driver info: io.appium.java_client.ios.IOSDriver
Capabilities [{app=com.icrtech.allie, networkConnectionEnabled=false, warnings={}, databaseEnabled=false, deviceName=iPad Air, platform=MAC, desired={app=com.icrtech.allie, appium-version=1.0, sendKeyStrategy=grouped, newCommandTimeout=999999, platformVersion=8.2, waitForAppScript=$.delay(30000); $.acceptAlert(), platformName=iOS, deviceName=iPad Air}, appium-version=1.0, sendKeyStrategy=grouped, newCommandTimeout=999999, platformVersion=8.2, webStorageEnabled=false, locationContextEnabled=false, browserName=iOS, takesScreenshot=true, waitForAppScript=$.delay(30000); $.acceptAlert(), javascriptEnabled=true, platformName=iOS}]
Session ID: c269fa72-d0b4-4366-ab07-335778669dec
*** Element info: {Using=xpath, value=//UIAApplication[1]/UIAWindow[1]/UIATableView[2]/UIATableCell[1]/UIAStaticText[3]}">
      <![CDATA[org.openqa.selenium.NoSuchElementException: An element could not be located on the page using the given search parameters. (WARNING: The server did not provide any stacktrace information)
Command duration or timeout: 7.21 seconds
For documentation on this error, please visit: http://seleniumhq.org/exceptions/no_such_element.html
Build info: version: '2.45.0', revision: '32a636c', time: '2015-03-05 22:01:35'
System info: host: 'Dmitriys-MacBook-Pro-3.local', ip: '10.0.2.15', os.name: 'Mac OS X', os.arch: 'x86_64', os.version: '10.11.4', java.version: '1.8.0_45'
Driver info: io.appium.java_client.ios.IOSDriver
Capabilities [{app=com.icrtech.allie, networkConnectionEnabled=false, warnings={}, databaseEnabled=false, deviceName=iPad Air, platform=MAC, desired={app=com.icrtech.allie, appium-version=1.0, sendKeyStrategy=grouped, newCommandTimeout=999999, platformVersion=8.2, waitForAppScript=$.delay(30000); $.acceptAlert(), platformName=iOS, deviceName=iPad Air}, appium-version=1.0, sendKeyStrategy=grouped, newCommandTimeout=999999, platformVersion=8.2, webStorageEnabled=false, locationContextEnabled=false, browserName=iOS, takesScreenshot=true, waitForAppScript=$.delay(30000); $.acceptAlert(), javascriptEnabled=true, platformName=iOS}]
Session ID: c269fa72-d0b4-4366-ab07-335778669dec
*** Element info: {Using=xpath, value=//UIAApplication[1]/UIAWindow[1]/UIATableView[2]/UIATableCell[1]/UIAStaticText[3]}
	at sun.reflect.GeneratedConstructorAccessor10.newInstance(Unknown Source)
	at sun.reflect.DelegatingConstructorAccessorImpl.newInstance(DelegatingConstructorAccessorImpl.java:45)
	at java.lang.reflect.Constructor.newInstance(Constructor.java:422)
	at org.openqa.selenium.remote.ErrorHandler.createThrowable(ErrorHandler.java:204)
	at org.openqa.selenium.remote.ErrorHandler.throwIfResponseFailed(ErrorHandler.java:156)
	at org.openqa.selenium.remote.RemoteWebDriver.execute(RemoteWebDriver.java:599)
	at io.appium.java_client.AppiumDriver.execute(AppiumDriver.java:216)
	at org.openqa.selenium.remote.RemoteWebDriver.findElement(RemoteWebDriver.java:352)
	at org.openqa.selenium.remote.RemoteWebDriver.findElementByXPath(RemoteWebDriver.java:449)
	at io.appium.java_client.AppiumDriver.findElementByXPath(AppiumDriver.java:107)
	at io.appium.java_client.AppiumDriver.findElementByXPath(AppiumDriver.java:1)
	at org.openqa.selenium.By$ByXPath.findElement(By.java:357)
	at org.openqa.selenium.remote.RemoteWebDriver.findElement(RemoteWebDriver.java:344)
	at io.appium.java_client.AppiumDriver.findElement(AppiumDriver.java:75)
	at ALLie_AutoTests.Basemethods.GetTextMobXpath(Basemethods.java:154)
	at ALLie_AutoTests.Basemethods.CamSettings(Basemethods.java:401)
	at ALLie_AutoTests.AccountScreen.AccountCheck(AccountScreen.java:96)
	at ALLie_AutoTests.TestSuite.Schedul_2(TestSuite.java:65)
	at sun.reflect.NativeMethodAccessorImpl.invoke0(Native Method)
	at sun.reflect.NativeMethodAccessorImpl.invoke(NativeMethodAccessorImpl.java:62)
	at sun.reflect.DelegatingMethodAccessorImpl.invoke(DelegatingMethodAccessorImpl.java:43)
	at java.lang.reflect.Method.invoke(Method.java:497)
	at org.testng.internal.MethodInvocationHelper.invokeMethod(MethodInvocationHelper.java:86)
	at org.testng.internal.Invoker.invokeMethod(Invoker.java:645)
	at org.testng.internal.Invoker.invokeTestMethod(Invoker.java:822)
	at org.testng.internal.Invoker.invokeTestMethods(Invoker.java:1130)
	at org.testng.internal.TestMethodWorker.invokeTestMethods(TestMethodWorker.java:129)
	at org.testng.internal.TestMethodWorker.run(TestMethodWorker.java:112)
	at org.testng.TestRunner.privateRun(TestRunner.java:782)
	at org.testng.TestRunner.run(TestRunner.java:632)
	at org.testng.SuiteRunner.runTest(SuiteRunner.java:366)
	at org.testng.SuiteRunner.runSequentially(SuiteRunner.java:361)
	at org.testng.SuiteRunner.privateRun(SuiteRunner.java:319)
	at org.testng.SuiteRunner.run(SuiteRunner.java:268)
	at org.testng.SuiteRunnerWorker.runSuite(SuiteRunnerWorker.java:52)
	at org.testng.SuiteRunnerWorker.run(SuiteRunnerWorker.java:86)
	at org.testng.TestNG.runSuitesSequentially(TestNG.java:1244)
	at org.testng.TestNG.runSuitesLocally(TestNG.java:1169)
	at org.testng.TestNG.run(TestNG.java:1064)
	at org.testng.remote.RemoteTestNG.run(RemoteTestNG.java:113)
	at org.testng.remote.RemoteTestNG.initAndRun(RemoteTestNG.java:206)
	at org.testng.remote.RemoteTestNG.main(RemoteTestNG.java:177)
]]>
    </error>
  </testcase> <!-- Schedul_2 -->
</testsuite> <!-- ALLie_AutoTests.TestSuite -->
