<?xml version="1.0" encoding="UTF-8"?>
<!-- Generated by org.testng.reporters.JUnitReportReporter -->
<testsuite hostname="Dmitriys-MacBook-Pro-3.local" name="ALLie_AutoTests.Restore" tests="1" failures="0" timestamp="2 Mar 2016 07:05:50 GMT" time="51.518" errors="0">
  <testcase name="Default" time="51.518" classname="ALLie_AutoTests.Restore"/>
</testsuite> <!-- ALLie_AutoTests.Restore -->
