<?xml version="1.0" encoding="UTF-8"?>
<!-- Generated by org.testng.reporters.JUnitReportReporter -->
<testsuite hostname="Dmitriys-MacBook-Pro-3.local" name="ALLie_AutoTests.Restore" tests="1" failures="0" timestamp="2 Mar 2016 08:13:28 GMT" time="58.410" errors="0">
  <testcase name="Default" time="58.410" classname="ALLie_AutoTests.Restore"/>
</testsuite> <!-- ALLie_AutoTests.Restore -->
