<?xml version="1.0" encoding="UTF-8"?>
<!-- Generated by org.testng.reporters.JUnitReportReporter -->
<testsuite hostname="Dmitriys-MacBook-Pro-3.local" name="ALLie_AutoTests.TestSuite" tests="3" failures="0" timestamp="5 Mar 2016 22:30:54 GMT" time="707.287" errors="3">
  <testcase name="AccountScreen" time="707.286" classname="ALLie_AutoTests.TestSuite">
    <error type="org.openqa.selenium.remote.SessionNotFoundException" message="
Command duration or timeout: 20 milliseconds
Build info: version: &#039;2.45.0&#039;, revision: &#039;32a636c&#039;, time: &#039;2015-03-05 22:01:35&#039;
System info: host: &#039;Dmitriys-MacBook-Pro-3.local&#039;, ip: &#039;10.0.2.15&#039;, os.name: &#039;Mac OS X&#039;, os.arch: &#039;x86_64&#039;, os.version: &#039;10.11.3&#039;, java.version: &#039;1.8.0_45&#039;
Driver info: io.appium.java_client.ios.IOSDriver
Capabilities [{app=com.icrtech.allie, networkConnectionEnabled=false, warnings={}, databaseEnabled=false, deviceName=iPad Air, platform=MAC, desired={app=com.icrtech.allie, platformName=iOS, deviceName=iPad Air}, webStorageEnabled=false, locationContextEnabled=false, browserName=iOS, takesScreenshot=true, javascriptEnabled=true, platformName=iOS}]
Session ID: 45962493-2b78-4d3d-8bad-f064700012c6
*** Element info: {Using=name, value=Back button black}">
      <![CDATA[org.openqa.selenium.remote.SessionNotFoundException: 
Command duration or timeout: 20 milliseconds
Build info: version: '2.45.0', revision: '32a636c', time: '2015-03-05 22:01:35'
System info: host: 'Dmitriys-MacBook-Pro-3.local', ip: '10.0.2.15', os.name: 'Mac OS X', os.arch: 'x86_64', os.version: '10.11.3', java.version: '1.8.0_45'
Driver info: io.appium.java_client.ios.IOSDriver
Capabilities [{app=com.icrtech.allie, networkConnectionEnabled=false, warnings={}, databaseEnabled=false, deviceName=iPad Air, platform=MAC, desired={app=com.icrtech.allie, platformName=iOS, deviceName=iPad Air}, webStorageEnabled=false, locationContextEnabled=false, browserName=iOS, takesScreenshot=true, javascriptEnabled=true, platformName=iOS}]
Session ID: 45962493-2b78-4d3d-8bad-f064700012c6
*** Element info: {Using=name, value=Back button black}
	at sun.reflect.NativeConstructorAccessorImpl.newInstance0(Native Method)
	at sun.reflect.NativeConstructorAccessorImpl.newInstance(NativeConstructorAccessorImpl.java:62)
	at sun.reflect.DelegatingConstructorAccessorImpl.newInstance(DelegatingConstructorAccessorImpl.java:45)
	at java.lang.reflect.Constructor.newInstance(Constructor.java:422)
	at org.openqa.selenium.remote.ErrorHandler.createThrowable(ErrorHandler.java:204)
	at org.openqa.selenium.remote.ErrorHandler.throwIfResponseFailed(ErrorHandler.java:162)
	at org.openqa.selenium.remote.RemoteWebDriver.execute(RemoteWebDriver.java:599)
	at io.appium.java_client.AppiumDriver.execute(AppiumDriver.java:216)
	at org.openqa.selenium.remote.RemoteWebDriver.findElement(RemoteWebDriver.java:352)
	at org.openqa.selenium.remote.RemoteWebDriver.findElementByName(RemoteWebDriver.java:425)
	at io.appium.java_client.AppiumDriver.findElementByName(AppiumDriver.java:87)
	at io.appium.java_client.AppiumDriver.findElementByName(AppiumDriver.java:1)
	at org.openqa.selenium.By$ByName.findElement(By.java:299)
	at org.openqa.selenium.remote.RemoteWebDriver.findElement(RemoteWebDriver.java:344)
	at io.appium.java_client.AppiumDriver.findElement(AppiumDriver.java:75)
	at ALLie_AutoTests.Basemethods.TapName(Basemethods.java:154)
	at ALLie_AutoTests.AccountScreen.AccountCheck(AccountScreen.java:315)
	at ALLie_AutoTests.TestSuite.AccountScreen(TestSuite.java:34)
	at sun.reflect.NativeMethodAccessorImpl.invoke0(Native Method)
	at sun.reflect.NativeMethodAccessorImpl.invoke(NativeMethodAccessorImpl.java:62)
	at sun.reflect.DelegatingMethodAccessorImpl.invoke(DelegatingMethodAccessorImpl.java:43)
	at java.lang.reflect.Method.invoke(Method.java:497)
	at org.testng.internal.MethodInvocationHelper.invokeMethod(MethodInvocationHelper.java:86)
	at org.testng.internal.Invoker.invokeMethod(Invoker.java:645)
	at org.testng.internal.Invoker.invokeTestMethod(Invoker.java:822)
	at org.testng.internal.Invoker.invokeTestMethods(Invoker.java:1130)
	at org.testng.internal.TestMethodWorker.invokeTestMethods(TestMethodWorker.java:129)
	at org.testng.internal.TestMethodWorker.run(TestMethodWorker.java:112)
	at org.testng.TestRunner.privateRun(TestRunner.java:782)
	at org.testng.TestRunner.run(TestRunner.java:632)
	at org.testng.SuiteRunner.runTest(SuiteRunner.java:366)
	at org.testng.SuiteRunner.runSequentially(SuiteRunner.java:361)
	at org.testng.SuiteRunner.privateRun(SuiteRunner.java:319)
	at org.testng.SuiteRunner.run(SuiteRunner.java:268)
	at org.testng.SuiteRunnerWorker.runSuite(SuiteRunnerWorker.java:52)
	at org.testng.SuiteRunnerWorker.run(SuiteRunnerWorker.java:86)
	at org.testng.TestNG.runSuitesSequentially(TestNG.java:1244)
	at org.testng.TestNG.runSuitesLocally(TestNG.java:1169)
	at org.testng.TestNG.run(TestNG.java:1064)
	at org.testng.remote.RemoteTestNG.run(RemoteTestNG.java:113)
	at org.testng.remote.RemoteTestNG.initAndRun(RemoteTestNG.java:206)
	at org.testng.remote.RemoteTestNG.main(RemoteTestNG.java:177)
]]>
    </error>
  </testcase> <!-- AccountScreen -->
  <testcase name="Ride" time="0.000" classname="ALLie_AutoTests.TestSuite">
    <error type="org.openqa.selenium.remote.SessionNotFoundException" message="
Command duration or timeout: 12 milliseconds
Build info: version: &#039;2.45.0&#039;, revision: &#039;32a636c&#039;, time: &#039;2015-03-05 22:01:35&#039;
System info: host: &#039;Dmitriys-MacBook-Pro-3.local&#039;, ip: &#039;10.0.2.15&#039;, os.name: &#039;Mac OS X&#039;, os.arch: &#039;x86_64&#039;, os.version: &#039;10.11.3&#039;, java.version: &#039;1.8.0_45&#039;
Driver info: io.appium.java_client.ios.IOSDriver
Capabilities [{app=com.icrtech.allie, networkConnectionEnabled=false, warnings={}, databaseEnabled=false, deviceName=iPad Air, platform=MAC, desired={app=com.icrtech.allie, platformName=iOS, deviceName=iPad Air}, webStorageEnabled=false, locationContextEnabled=false, browserName=iOS, takesScreenshot=true, javascriptEnabled=true, platformName=iOS}]
Session ID: 45962493-2b78-4d3d-8bad-f064700012c6">
      <![CDATA[org.openqa.selenium.remote.SessionNotFoundException: 
Command duration or timeout: 12 milliseconds
Build info: version: '2.45.0', revision: '32a636c', time: '2015-03-05 22:01:35'
System info: host: 'Dmitriys-MacBook-Pro-3.local', ip: '10.0.2.15', os.name: 'Mac OS X', os.arch: 'x86_64', os.version: '10.11.3', java.version: '1.8.0_45'
Driver info: io.appium.java_client.ios.IOSDriver
Capabilities [{app=com.icrtech.allie, networkConnectionEnabled=false, warnings={}, databaseEnabled=false, deviceName=iPad Air, platform=MAC, desired={app=com.icrtech.allie, platformName=iOS, deviceName=iPad Air}, webStorageEnabled=false, locationContextEnabled=false, browserName=iOS, takesScreenshot=true, javascriptEnabled=true, platformName=iOS}]
Session ID: 45962493-2b78-4d3d-8bad-f064700012c6
	at sun.reflect.NativeConstructorAccessorImpl.newInstance0(Native Method)
	at sun.reflect.NativeConstructorAccessorImpl.newInstance(NativeConstructorAccessorImpl.java:62)
	at sun.reflect.DelegatingConstructorAccessorImpl.newInstance(DelegatingConstructorAccessorImpl.java:45)
	at java.lang.reflect.Constructor.newInstance(Constructor.java:422)
	at org.openqa.selenium.remote.ErrorHandler.createThrowable(ErrorHandler.java:204)
	at org.openqa.selenium.remote.ErrorHandler.throwIfResponseFailed(ErrorHandler.java:162)
	at org.openqa.selenium.remote.RemoteWebDriver.execute(RemoteWebDriver.java:599)
	at io.appium.java_client.AppiumDriver.execute(AppiumDriver.java:216)
	at io.appium.java_client.AppiumDriver.execute(AppiumDriver.java:221)
	at org.openqa.selenium.remote.RemoteWebDriver.quit(RemoteWebDriver.java:468)
	at ALLie_AutoTests.BaseTest.catchExceptions(BaseTest.java:99)
	at sun.reflect.NativeMethodAccessorImpl.invoke0(Native Method)
	at sun.reflect.NativeMethodAccessorImpl.invoke(NativeMethodAccessorImpl.java:62)
	at sun.reflect.DelegatingMethodAccessorImpl.invoke(DelegatingMethodAccessorImpl.java:43)
	at java.lang.reflect.Method.invoke(Method.java:497)
	at org.testng.internal.MethodInvocationHelper.invokeMethod(MethodInvocationHelper.java:86)
	at org.testng.internal.Invoker.invokeConfigurationMethod(Invoker.java:514)
	at org.testng.internal.Invoker.invokeConfigurations(Invoker.java:215)
	at org.testng.internal.Invoker.invokeMethod(Invoker.java:709)
	at org.testng.internal.Invoker.invokeTestMethod(Invoker.java:822)
	at org.testng.internal.Invoker.invokeTestMethods(Invoker.java:1130)
	at org.testng.internal.TestMethodWorker.invokeTestMethods(TestMethodWorker.java:129)
	at org.testng.internal.TestMethodWorker.run(TestMethodWorker.java:112)
	at org.testng.TestRunner.privateRun(TestRunner.java:782)
	at org.testng.TestRunner.run(TestRunner.java:632)
	at org.testng.SuiteRunner.runTest(SuiteRunner.java:366)
	at org.testng.SuiteRunner.runSequentially(SuiteRunner.java:361)
	at org.testng.SuiteRunner.privateRun(SuiteRunner.java:319)
	at org.testng.SuiteRunner.run(SuiteRunner.java:268)
	at org.testng.SuiteRunnerWorker.runSuite(SuiteRunnerWorker.java:52)
	at org.testng.SuiteRunnerWorker.run(SuiteRunnerWorker.java:86)
	at org.testng.TestNG.runSuitesSequentially(TestNG.java:1244)
	at org.testng.TestNG.runSuitesLocally(TestNG.java:1169)
	at org.testng.TestNG.run(TestNG.java:1064)
	at org.testng.remote.RemoteTestNG.run(RemoteTestNG.java:113)
	at org.testng.remote.RemoteTestNG.initAndRun(RemoteTestNG.java:206)
	at org.testng.remote.RemoteTestNG.main(RemoteTestNG.java:177)
]]>
    </error>
  </testcase> <!-- Ride -->
  <testcase name="Schedul_" time="0.001" classname="ALLie_AutoTests.TestSuite">
    <error type="org.openqa.selenium.remote.SessionNotFoundException" message="
Command duration or timeout: 12 milliseconds
Build info: version: &#039;2.45.0&#039;, revision: &#039;32a636c&#039;, time: &#039;2015-03-05 22:01:35&#039;
System info: host: &#039;Dmitriys-MacBook-Pro-3.local&#039;, ip: &#039;10.0.2.15&#039;, os.name: &#039;Mac OS X&#039;, os.arch: &#039;x86_64&#039;, os.version: &#039;10.11.3&#039;, java.version: &#039;1.8.0_45&#039;
Driver info: io.appium.java_client.ios.IOSDriver
Capabilities [{app=com.icrtech.allie, networkConnectionEnabled=false, warnings={}, databaseEnabled=false, deviceName=iPad Air, platform=MAC, desired={app=com.icrtech.allie, platformName=iOS, deviceName=iPad Air}, webStorageEnabled=false, locationContextEnabled=false, browserName=iOS, takesScreenshot=true, javascriptEnabled=true, platformName=iOS}]
Session ID: 45962493-2b78-4d3d-8bad-f064700012c6">
      <![CDATA[org.openqa.selenium.remote.SessionNotFoundException: 
Command duration or timeout: 12 milliseconds
Build info: version: '2.45.0', revision: '32a636c', time: '2015-03-05 22:01:35'
System info: host: 'Dmitriys-MacBook-Pro-3.local', ip: '10.0.2.15', os.name: 'Mac OS X', os.arch: 'x86_64', os.version: '10.11.3', java.version: '1.8.0_45'
Driver info: io.appium.java_client.ios.IOSDriver
Capabilities [{app=com.icrtech.allie, networkConnectionEnabled=false, warnings={}, databaseEnabled=false, deviceName=iPad Air, platform=MAC, desired={app=com.icrtech.allie, platformName=iOS, deviceName=iPad Air}, webStorageEnabled=false, locationContextEnabled=false, browserName=iOS, takesScreenshot=true, javascriptEnabled=true, platformName=iOS}]
Session ID: 45962493-2b78-4d3d-8bad-f064700012c6
	at sun.reflect.NativeConstructorAccessorImpl.newInstance0(Native Method)
	at sun.reflect.NativeConstructorAccessorImpl.newInstance(NativeConstructorAccessorImpl.java:62)
	at sun.reflect.DelegatingConstructorAccessorImpl.newInstance(DelegatingConstructorAccessorImpl.java:45)
	at java.lang.reflect.Constructor.newInstance(Constructor.java:422)
	at org.openqa.selenium.remote.ErrorHandler.createThrowable(ErrorHandler.java:204)
	at org.openqa.selenium.remote.ErrorHandler.throwIfResponseFailed(ErrorHandler.java:162)
	at org.openqa.selenium.remote.RemoteWebDriver.execute(RemoteWebDriver.java:599)
	at io.appium.java_client.AppiumDriver.execute(AppiumDriver.java:216)
	at io.appium.java_client.AppiumDriver.execute(AppiumDriver.java:221)
	at org.openqa.selenium.remote.RemoteWebDriver.quit(RemoteWebDriver.java:468)
	at ALLie_AutoTests.BaseTest.catchExceptions(BaseTest.java:99)
	at sun.reflect.NativeMethodAccessorImpl.invoke0(Native Method)
	at sun.reflect.NativeMethodAccessorImpl.invoke(NativeMethodAccessorImpl.java:62)
	at sun.reflect.DelegatingMethodAccessorImpl.invoke(DelegatingMethodAccessorImpl.java:43)
	at java.lang.reflect.Method.invoke(Method.java:497)
	at org.testng.internal.MethodInvocationHelper.invokeMethod(MethodInvocationHelper.java:86)
	at org.testng.internal.Invoker.invokeConfigurationMethod(Invoker.java:514)
	at org.testng.internal.Invoker.invokeConfigurations(Invoker.java:215)
	at org.testng.internal.Invoker.invokeMethod(Invoker.java:709)
	at org.testng.internal.Invoker.invokeTestMethod(Invoker.java:822)
	at org.testng.internal.Invoker.invokeTestMethods(Invoker.java:1130)
	at org.testng.internal.TestMethodWorker.invokeTestMethods(TestMethodWorker.java:129)
	at org.testng.internal.TestMethodWorker.run(TestMethodWorker.java:112)
	at org.testng.TestRunner.privateRun(TestRunner.java:782)
	at org.testng.TestRunner.run(TestRunner.java:632)
	at org.testng.SuiteRunner.runTest(SuiteRunner.java:366)
	at org.testng.SuiteRunner.runSequentially(SuiteRunner.java:361)
	at org.testng.SuiteRunner.privateRun(SuiteRunner.java:319)
	at org.testng.SuiteRunner.run(SuiteRunner.java:268)
	at org.testng.SuiteRunnerWorker.runSuite(SuiteRunnerWorker.java:52)
	at org.testng.SuiteRunnerWorker.run(SuiteRunnerWorker.java:86)
	at org.testng.TestNG.runSuitesSequentially(TestNG.java:1244)
	at org.testng.TestNG.runSuitesLocally(TestNG.java:1169)
	at org.testng.TestNG.run(TestNG.java:1064)
	at org.testng.remote.RemoteTestNG.run(RemoteTestNG.java:113)
	at org.testng.remote.RemoteTestNG.initAndRun(RemoteTestNG.java:206)
	at org.testng.remote.RemoteTestNG.main(RemoteTestNG.java:177)
]]>
    </error>
  </testcase> <!-- Schedul_ -->
</testsuite> <!-- ALLie_AutoTests.TestSuite -->
